15:28:15.500 [main] INFO  com.Selenium.base - chrome Browser Strated 
15:28:21.742 [main] INFO  com.Selenium.base - Navigated to: https://rahulshettyacademy.com/
15:28:21.958 [main] INFO  pageObjects.LoginElements - finding Web Elements
15:28:24.075 [main] INFO  pageObjects.LoginElements - Sheet name is:Sheet1
15:28:24.075 [main] INFO  pageObjects.LoginElements - Total Rows :2
15:28:24.076 [main] INFO  pageObjects.LoginElements - Total Columns :2
15:28:24.085 [main] INFO  com.Selenium.base - chrome Browser Strated 
15:28:29.295 [main] INFO  com.Selenium.base - Navigated to: https://rahulshettyacademy.com/
15:28:29.436 [main] INFO  pageObjects.LoginElements - finding Web Elements
15:28:32.443 [main] INFO  com.Selenium.base - david Email Entered..
15:28:32.521 [main] INFO  com.Selenium.base - dav123 Password Entered..
15:28:32.605 [main] INFO  com.Selenium.base - Submit Button clicked
15:28:32.737 [main] INFO  com.Selenium.base - chrome Browser Strated 
15:28:37.055 [main] INFO  com.Selenium.base - Navigated to: https://rahulshettyacademy.com/
15:28:37.184 [main] INFO  pageObjects.LoginElements - finding Web Elements
15:28:40.354 [main] INFO  com.Selenium.base - serah Email Entered..
15:28:40.472 [main] INFO  com.Selenium.base - ser123 Password Entered..
15:28:40.548 [main] INFO  com.Selenium.base - Submit Button clicked
15:38:49.471 [main] INFO  com.Selenium.base - chrome headless Browser Strated 
15:39:18.411 [main] INFO  com.Selenium.base - Navigated to: https://rahulshettyacademy.com/
15:39:18.682 [main] INFO  pageObjects.LoginElements - finding Web Elements
15:39:18.857 [main] INFO  com.Selenium.validateTitle - Succesfully validated title :Featured Courses
15:39:21.911 [main] INFO  pageObjects.LoginElements - Sheet name is:Sheet1
15:39:21.911 [main] INFO  pageObjects.LoginElements - Total Rows :2
15:39:21.912 [main] INFO  pageObjects.LoginElements - Total Columns :2
15:39:21.936 [main] INFO  com.Selenium.base - chrome headless Browser Strated 
15:39:27.831 [main] INFO  com.Selenium.base - Navigated to: https://rahulshettyacademy.com/
15:39:27.972 [main] INFO  pageObjects.LoginElements - finding Web Elements
15:39:31.836 [main] INFO  com.Selenium.base - david Email Entered..
15:39:31.918 [main] INFO  com.Selenium.base - dav123 Password Entered..
15:39:32.016 [main] INFO  com.Selenium.base - Submit Button clicked
15:39:32.153 [main] INFO  com.Selenium.base - chrome headless Browser Strated 
15:39:36.324 [main] INFO  com.Selenium.base - Navigated to: https://rahulshettyacademy.com/
15:39:36.450 [main] INFO  pageObjects.LoginElements - finding Web Elements
15:39:39.745 [main] INFO  com.Selenium.base - serah Email Entered..
15:39:39.878 [main] INFO  com.Selenium.base - ser123 Password Entered..
15:39:39.964 [main] INFO  com.Selenium.base - Submit Button clicked
14:45:56.346 [main] INFO  com.Selenium.base - null Browser Strated 
14:47:05.402 [main] INFO  com.Selenium.base - chrome Browser Strated 
14:47:56.403 [main] INFO  com.Selenium.base - Navigated to: https://rahulshettyacademy.com/
14:48:06.080 [main] INFO  pageObjects.LoginElements - finding Web Elements
15:06:19.938 [main] INFO  com.Selenium.base - chrome Browser Strated 
15:06:39.123 [main] INFO  com.Selenium.base - Navigated to: https://rahulshettyacademy.com/
15:06:39.379 [main] INFO  pageObjects.LoginElements - finding Web Elements
15:06:45.753 [main] INFO  com.Selenium.base - chrome Browser Strated 
15:07:28.630 [main] INFO  com.Selenium.base - Navigated to: https://rahulshettyacademy.com/
15:07:29.558 [main] INFO  pageObjects.LoginElements - finding Web Elements
16:15:52.585 [main] INFO  com.Selenium.base - chrome Browser Strated 
16:16:10.136 [main] INFO  com.Selenium.base - Navigated to: https://rahulshettyacademy.com/
16:16:10.496 [main] INFO  pageObjects.LoginElements - finding Web Elements
16:21:17.467 [main] INFO  com.Selenium.base - chrome Browser Strated 
16:21:26.481 [main] INFO  com.Selenium.base - Navigated to: https://rahulshettyacademy.com/
16:21:28.345 [main] INFO  pageObjects.LoginElements - finding Web Elements
16:21:44.125 [main] INFO  com.Selenium.base - chrome Browser Strated 
16:21:58.587 [main] INFO  com.Selenium.base - Navigated to: https://rahulshettyacademy.com/
16:21:59.719 [main] INFO  pageObjects.LoginElements - finding Web Elements
16:22:09.380 [main] INFO  com.Selenium.base - chrome Browser Strated 
16:22:16.613 [main] INFO  com.Selenium.base - Navigated to: https://rahulshettyacademy.com/
16:22:17.957 [main] INFO  pageObjects.LoginElements - finding Web Elements
16:22:23.571 [main] INFO  com.Selenium.base - chrome Browser Strated 
16:22:31.706 [main] INFO  com.Selenium.base - Navigated to: https://rahulshettyacademy.com/
16:22:32.851 [main] INFO  pageObjects.LoginElements - finding Web Elements
16:22:38.092 [main] INFO  com.Selenium.base - chrome Browser Strated 
16:22:44.908 [main] INFO  com.Selenium.base - Navigated to: https://rahulshettyacademy.com/
16:22:46.056 [main] INFO  pageObjects.LoginElements - finding Web Elements
16:22:52.622 [main] INFO  com.Selenium.base - chrome Browser Strated 
16:22:59.076 [main] INFO  com.Selenium.base - Navigated to: https://rahulshettyacademy.com/
16:23:00.218 [main] INFO  pageObjects.LoginElements - finding Web Elements
